<?xml version="1.0" encoding="UTF-8"?>
<testng-results skipped="0" failed="1" total="2" passed="1">
  <reporter-output>
  </reporter-output>
  <suite name="Default suite" duration-ms="192437" started-at="2019-05-10T06:05:29Z" finished-at="2019-05-10T06:08:42Z">
    <groups>
    </groups>
    <test name="Default test" duration-ms="192437" started-at="2019-05-10T06:05:29Z" finished-at="2019-05-10T06:08:42Z">
      <class name="com.loginpagetest.Loginpagetest">
        <test-method status="PASS" signature="setup()[pri:0, instance:com.loginpagetest.Loginpagetest@33a10788]" name="setup" is-config="true" duration-ms="74142" started-at="2019-05-10T11:35:29Z" finished-at="2019-05-10T11:36:43Z">
          <reporter-output>
          </reporter-output>
        </test-method> <!-- setup -->
        <test-method status="PASS" signature="verifyloginpage()[pri:0, instance:com.loginpagetest.Loginpagetest@33a10788]" name="verifyloginpage" duration-ms="61008" started-at="2019-05-10T11:36:43Z" finished-at="2019-05-10T11:37:44Z">
          <reporter-output>
          </reporter-output>
        </test-method> <!-- verifyloginpage -->
        <test-method status="PASS" signature="teardown()[pri:0, instance:com.loginpagetest.Loginpagetest@33a10788]" name="teardown" is-config="true" duration-ms="259" started-at="2019-05-10T11:37:44Z" finished-at="2019-05-10T11:37:45Z">
          <reporter-output>
          </reporter-output>
        </test-method> <!-- teardown -->
        <test-method status="PASS" signature="setup()[pri:0, instance:com.loginpagetest.Loginpagetest@33a10788]" name="setup" is-config="true" duration-ms="56676" started-at="2019-05-10T11:37:45Z" finished-at="2019-05-10T11:38:41Z">
          <reporter-output>
          </reporter-output>
        </test-method> <!-- setup -->
        <test-method status="FAIL" signature="verifypagetitle()[pri:0, instance:com.loginpagetest.Loginpagetest@33a10788]" name="verifypagetitle" duration-ms="49" started-at="2019-05-10T11:38:41Z" finished-at="2019-05-10T11:38:41Z">
          <exception class="java.lang.AssertionError">
            <message>
              <![CDATA[expected [tANHODA] but found [TANHODA]]]>
            </message>
            <full-stacktrace>
              <![CDATA[java.lang.AssertionError: expected [tANHODA] but found [TANHODA]
	at org.testng.Assert.fail(Assert.java:94)
	at org.testng.Assert.failNotEquals(Assert.java:494)
	at org.testng.Assert.assertEquals(Assert.java:123)
	at org.testng.Assert.assertEquals(Assert.java:176)
	at org.testng.Assert.assertEquals(Assert.java:186)
	at com.loginpagetest.Loginpagetest.verifypagetitle(Loginpagetest.java:30)
	at sun.reflect.NativeMethodAccessorImpl.invoke0(Native Method)
	at sun.reflect.NativeMethodAccessorImpl.invoke(Unknown Source)
	at sun.reflect.DelegatingMethodAccessorImpl.invoke(Unknown Source)
	at java.lang.reflect.Method.invoke(Unknown Source)
	at org.testng.internal.MethodInvocationHelper.invokeMethod(MethodInvocationHelper.java:80)
	at org.testng.internal.Invoker.invokeMethod(Invoker.java:714)
	at org.testng.internal.Invoker.invokeTestMethod(Invoker.java:901)
	at org.testng.internal.Invoker.invokeTestMethods(Invoker.java:1231)
	at org.testng.internal.TestMethodWorker.invokeTestMethods(TestMethodWorker.java:127)
	at org.testng.internal.TestMethodWorker.run(TestMethodWorker.java:111)
	at org.testng.TestRunner.privateRun(TestRunner.java:767)
	at org.testng.TestRunner.run(TestRunner.java:617)
	at org.testng.SuiteRunner.runTest(SuiteRunner.java:334)
	at org.testng.SuiteRunner.runSequentially(SuiteRunner.java:329)
	at org.testng.SuiteRunner.privateRun(SuiteRunner.java:291)
	at org.testng.SuiteRunner.run(SuiteRunner.java:240)
	at org.testng.SuiteRunnerWorker.runSuite(SuiteRunnerWorker.java:52)
	at org.testng.SuiteRunnerWorker.run(SuiteRunnerWorker.java:86)
	at org.testng.TestNG.runSuitesSequentially(TestNG.java:1198)
	at org.testng.TestNG.runSuitesLocally(TestNG.java:1123)
	at org.testng.TestNG.run(TestNG.java:1031)
	at org.testng.remote.RemoteTestNG.run(RemoteTestNG.java:115)
	at org.testng.remote.RemoteTestNG.initAndRun(RemoteTestNG.java:207)
	at org.testng.remote.RemoteTestNG.main(RemoteTestNG.java:178)
]]>
            </full-stacktrace>
          </exception> <!-- java.lang.AssertionError -->
          <reporter-output>
          </reporter-output>
        </test-method> <!-- verifypagetitle -->
        <test-method status="PASS" signature="teardown()[pri:0, instance:com.loginpagetest.Loginpagetest@33a10788]" name="teardown" is-config="true" duration-ms="239" started-at="2019-05-10T11:38:41Z" finished-at="2019-05-10T11:38:42Z">
          <reporter-output>
          </reporter-output>
        </test-method> <!-- teardown -->
      </class> <!-- com.loginpagetest.Loginpagetest -->
    </test> <!-- Default test -->
  </suite> <!-- Default suite -->
</testng-results>
